<?xml version="1.0" encoding="UTF-8"?>
<coverage generated="1729055057059" clover="3.2.0">
  <project timestamp="1729055057059" name="All files">
    <metrics statements="163" coveredstatements="148" conditionals="77" coveredconditionals="64" methods="35" coveredmethods="31" elements="275" coveredelements="243" complexity="0" loc="163" ncloc="163" packages="1" files="7" classes="7"/>
    <file name="AddProductBulkModal.tsx" path="/home/maxii/dev/work/ait-desafio-tecnico/frontend/src/components/AddProductBulkModal.tsx">
      <metrics statements="49" coveredstatements="39" conditionals="22" coveredconditionals="15" methods="6" coveredmethods="4"/>
      <line num="1" count="1" type="stmt"/>
      <line num="2" count="1" type="stmt"/>
      <line num="4" count="1" type="stmt"/>
      <line num="5" count="1" type="stmt"/>
      <line num="14" count="1" type="stmt"/>
      <line num="16" count="1" type="stmt"/>
      <line num="17" count="13" type="stmt"/>
      <line num="18" count="13" type="stmt"/>
      <line num="20" count="13" type="stmt"/>
      <line num="21" count="13" type="stmt"/>
      <line num="40" count="13" type="stmt"/>
      <line num="41" count="0" type="stmt"/>
      <line num="42" count="0" type="cond" truecount="0" falsecount="1"/>
      <line num="44" count="0" type="stmt"/>
      <line num="45" count="0" type="stmt"/>
      <line num="47" count="0" type="stmt"/>
      <line num="48" count="0" type="stmt"/>
      <line num="53" count="0" type="cond" truecount="0" falsecount="2"/>
      <line num="54" count="0" type="stmt"/>
      <line num="56" count="0" type="stmt"/>
      <line num="59" count="0" type="stmt"/>
      <line num="63" count="13" type="stmt"/>
      <line num="64" count="4" type="stmt"/>
      <line num="65" count="4" type="cond" truecount="3" falsecount="1"/>
      <line num="66" count="4" type="cond" truecount="1" falsecount="0"/>
      <line num="67" count="4" type="stmt"/>
      <line num="68" count="4" type="cond" truecount="3" falsecount="1"/>
      <line num="70" count="4" type="cond" truecount="4" falsecount="0"/>
      <line num="71" count="3" type="stmt"/>
      <line num="72" count="3" type="stmt"/>
      <line num="74" count="1" type="stmt"/>
      <line num="75" count="1" type="stmt"/>
      <line num="76" count="1" type="stmt"/>
      <line num="77" count="1" type="stmt"/>
      <line num="82" count="13" type="stmt"/>
      <line num="83" count="3" type="stmt"/>
      <line num="85" count="3" type="stmt"/>
      <line num="86" count="3" type="cond" truecount="3" falsecount="1"/>
      <line num="87" count="3" type="cond" truecount="0" falsecount="1"/>
      <line num="88" count="3" type="stmt"/>
      <line num="90" count="3" type="stmt"/>
      <line num="91" count="3" type="stmt"/>
      <line num="92" count="3" type="stmt"/>
      <line num="94" count="3" type="stmt"/>
      <line num="96" count="3" type="stmt"/>
      <line num="99" count="3" type="stmt"/>
      <line num="102" count="13" type="cond" truecount="1" falsecount="0"/>
      <line num="104" count="12" type="stmt"/>
      <line num="130" count="1" type="stmt"/>
    </file>
    <file name="AddProductModal.tsx" path="/home/maxii/dev/work/ait-desafio-tecnico/frontend/src/components/AddProductModal.tsx">
      <metrics statements="26" coveredstatements="26" conditionals="16" coveredconditionals="16" methods="6" coveredmethods="6"/>
      <line num="1" count="1" type="stmt"/>
      <line num="2" count="1" type="stmt"/>
      <line num="19" count="1" type="stmt"/>
      <line num="20" count="84" type="stmt"/>
      <line num="21" count="84" type="stmt"/>
      <line num="28" count="84" type="stmt"/>
      <line num="29" count="8" type="cond" truecount="1" falsecount="0"/>
      <line num="30" count="8" type="stmt"/>
      <line num="36" count="8" type="stmt"/>
      <line num="37" count="8" type="stmt"/>
      <line num="38" count="8" type="stmt"/>
      <line num="39" count="8" type="stmt"/>
      <line num="43" count="84" type="stmt"/>
      <line num="44" count="3" type="stmt"/>
      <line num="45" count="3" type="stmt"/>
      <line num="52" count="2" type="cond" truecount="2" falsecount="0"/>
      <line num="53" count="1" type="stmt"/>
      <line num="55" count="1" type="stmt"/>
      <line num="58" count="1" type="stmt"/>
      <line num="62" count="84" type="stmt"/>
      <line num="63" count="63" type="stmt"/>
      <line num="64" count="63" type="stmt"/>
      <line num="65" count="63" type="stmt"/>
      <line num="68" count="84" type="cond" truecount="1" falsecount="0"/>
      <line num="70" count="82" type="stmt"/>
      <line num="133" count="1" type="stmt"/>
    </file>
    <file name="DeleteProductModal.tsx" path="/home/maxii/dev/work/ait-desafio-tecnico/frontend/src/components/DeleteProductModal.tsx">
      <metrics statements="22" coveredstatements="22" conditionals="7" coveredconditionals="6" methods="4" coveredmethods="4"/>
      <line num="1" count="1" type="stmt"/>
      <line num="2" count="1" type="stmt"/>
      <line num="21" count="1" type="stmt"/>
      <line num="22" count="7" type="stmt"/>
      <line num="24" count="7" type="stmt"/>
      <line num="25" count="7" type="cond" truecount="1" falsecount="0"/>
      <line num="26" count="6" type="stmt"/>
      <line num="27" count="6" type="stmt"/>
      <line num="28" count="6" type="stmt"/>
      <line num="29" count="6" type="stmt"/>
      <line num="30" count="6" type="stmt"/>
      <line num="34" count="7" type="stmt"/>
      <line num="35" count="3" type="stmt"/>
      <line num="36" count="3" type="stmt"/>
      <line num="43" count="2" type="cond" truecount="2" falsecount="0"/>
      <line num="44" count="1" type="stmt"/>
      <line num="46" count="1" type="stmt"/>
      <line num="49" count="1" type="cond" truecount="1" falsecount="1"/>
      <line num="53" count="7" type="cond" truecount="1" falsecount="0"/>
      <line num="54" count="6" type="cond" truecount="1" falsecount="0"/>
      <line num="56" count="5" type="stmt"/>
      <line num="81" count="1" type="stmt"/>
    </file>
    <file name="DownloadProductsList.tsx" path="/home/maxii/dev/work/ait-desafio-tecnico/frontend/src/components/DownloadProductsList.tsx">
      <metrics statements="18" coveredstatements="17" conditionals="7" coveredconditionals="5" methods="3" coveredmethods="3"/>
      <line num="1" count="1" type="stmt"/>
      <line num="3" count="1" type="stmt"/>
      <line num="4" count="3" type="stmt"/>
      <line num="5" count="2" type="stmt"/>
      <line num="6" count="2" type="stmt"/>
      <line num="10" count="1" type="cond" truecount="2" falsecount="1"/>
      <line num="11" count="0" type="stmt"/>
      <line num="14" count="1" type="stmt"/>
      <line num="15" count="1" type="stmt"/>
      <line num="16" count="1" type="stmt"/>
      <line num="17" count="1" type="stmt"/>
      <line num="18" count="1" type="stmt"/>
      <line num="19" count="1" type="stmt"/>
      <line num="20" count="1" type="stmt"/>
      <line num="21" count="1" type="cond" truecount="3" falsecount="1"/>
      <line num="23" count="1" type="stmt"/>
      <line num="27" count="3" type="stmt"/>
      <line num="34" count="1" type="stmt"/>
    </file>
    <file name="EditProductModal.tsx" path="/home/maxii/dev/work/ait-desafio-tecnico/frontend/src/components/EditProductModal.tsx">
      <metrics statements="28" coveredstatements="26" conditionals="17" coveredconditionals="15" methods="6" coveredmethods="6"/>
      <line num="1" count="1" type="stmt"/>
      <line num="2" count="1" type="stmt"/>
      <line num="20" count="1" type="stmt"/>
      <line num="21" count="19" type="stmt"/>
      <line num="22" count="19" type="stmt"/>
      <line num="30" count="19" type="stmt"/>
      <line num="31" count="7" type="cond" truecount="1" falsecount="0"/>
      <line num="32" count="7" type="stmt"/>
      <line num="39" count="7" type="stmt"/>
      <line num="40" count="7" type="stmt"/>
      <line num="41" count="7" type="stmt"/>
      <line num="42" count="7" type="stmt"/>
      <line num="43" count="7" type="stmt"/>
      <line num="47" count="19" type="stmt"/>
      <line num="48" count="2" type="stmt"/>
      <line num="49" count="2" type="stmt"/>
      <line num="56" count="2" type="cond" truecount="1" falsecount="1"/>
      <line num="57" count="2" type="stmt"/>
      <line num="59" count="0" type="stmt"/>
      <line num="62" count="0" type="stmt"/>
      <line num="66" count="19" type="stmt"/>
      <line num="67" count="3" type="stmt"/>
      <line num="68" count="3" type="stmt"/>
      <line num="69" count="3" type="stmt"/>
      <line num="72" count="19" type="cond" truecount="1" falsecount="0"/>
      <line num="73" count="17" type="cond" truecount="0" falsecount="1"/>
      <line num="75" count="17" type="stmt"/>
      <line num="138" count="1" type="stmt"/>
    </file>
    <file name="Login.tsx" path="/home/maxii/dev/work/ait-desafio-tecnico/frontend/src/components/Login.tsx">
      <metrics statements="5" coveredstatements="5" conditionals="4" coveredconditionals="4" methods="1" coveredmethods="1"/>
      <line num="1" count="1" type="stmt"/>
      <line num="2" count="1" type="stmt"/>
      <line num="4" count="1" type="stmt"/>
      <line num="5" count="4" type="stmt"/>
      <line num="7" count="4" type="stmt"/>
    </file>
    <file name="ProductsTable.tsx" path="/home/maxii/dev/work/ait-desafio-tecnico/frontend/src/components/ProductsTable.tsx">
      <metrics statements="15" coveredstatements="13" conditionals="4" coveredconditionals="3" methods="9" coveredmethods="7"/>
      <line num="1" count="2" type="stmt"/>
      <line num="9" count="2" type="stmt"/>
      <line num="10" count="2" type="stmt"/>
      <line num="19" count="26" type="stmt"/>
      <line num="24" count="26" type="stmt"/>
      <line num="40" count="26" type="stmt"/>
      <line num="45" count="26" type="stmt"/>
      <line num="47" count="94" type="stmt"/>
      <line num="65" count="73" type="stmt"/>
      <line num="67" count="225" type="stmt"/>
      <line num="87" count="0" type="stmt"/>
      <line num="95" count="0" type="stmt"/>
      <line num="109" count="1" type="stmt"/>
      <line num="117" count="1" type="stmt"/>
      <line num="128" count="2" type="stmt"/>
    </file>
  </project>
</coverage>
