<?xml version="1.0" encoding="UTF-8"?>
<coverage generated="1728983609178" clover="3.2.0">
  <project timestamp="1728983609178" name="All files">
    <metrics statements="96" coveredstatements="92" conditionals="48" coveredconditionals="43" methods="26" coveredmethods="24" elements="170" coveredelements="159" complexity="0" loc="96" ncloc="96" packages="1" files="5" classes="5"/>
    <file name="AddProductModal.tsx" path="/home/maxii/dev/work/ait/ait-desafio-tecnico/frontend/src/components/AddProductModal.tsx">
      <metrics statements="26" coveredstatements="26" conditionals="16" coveredconditionals="16" methods="6" coveredmethods="6"/>
      <line num="1" count="1" type="stmt"/>
      <line num="2" count="1" type="stmt"/>
      <line num="19" count="1" type="stmt"/>
      <line num="20" count="84" type="stmt"/>
      <line num="21" count="84" type="stmt"/>
      <line num="28" count="84" type="stmt"/>
      <line num="29" count="8" type="cond" truecount="1" falsecount="0"/>
      <line num="30" count="8" type="stmt"/>
      <line num="36" count="8" type="stmt"/>
      <line num="37" count="8" type="stmt"/>
      <line num="38" count="8" type="stmt"/>
      <line num="39" count="8" type="stmt"/>
      <line num="43" count="84" type="stmt"/>
      <line num="44" count="3" type="stmt"/>
      <line num="45" count="3" type="stmt"/>
      <line num="52" count="2" type="cond" truecount="2" falsecount="0"/>
      <line num="53" count="1" type="stmt"/>
      <line num="55" count="1" type="stmt"/>
      <line num="58" count="1" type="stmt"/>
      <line num="62" count="84" type="stmt"/>
      <line num="63" count="63" type="stmt"/>
      <line num="64" count="63" type="stmt"/>
      <line num="65" count="63" type="stmt"/>
      <line num="68" count="84" type="cond" truecount="1" falsecount="0"/>
      <line num="70" count="82" type="stmt"/>
      <line num="133" count="1" type="stmt"/>
    </file>
    <file name="DeleteProductModal.tsx" path="/home/maxii/dev/work/ait/ait-desafio-tecnico/frontend/src/components/DeleteProductModal.tsx">
      <metrics statements="22" coveredstatements="22" conditionals="7" coveredconditionals="6" methods="4" coveredmethods="4"/>
      <line num="1" count="1" type="stmt"/>
      <line num="2" count="1" type="stmt"/>
      <line num="21" count="1" type="stmt"/>
      <line num="22" count="7" type="stmt"/>
      <line num="24" count="7" type="stmt"/>
      <line num="25" count="7" type="cond" truecount="1" falsecount="0"/>
      <line num="26" count="6" type="stmt"/>
      <line num="27" count="6" type="stmt"/>
      <line num="28" count="6" type="stmt"/>
      <line num="29" count="6" type="stmt"/>
      <line num="30" count="6" type="stmt"/>
      <line num="34" count="7" type="stmt"/>
      <line num="35" count="3" type="stmt"/>
      <line num="36" count="3" type="stmt"/>
      <line num="43" count="2" type="cond" truecount="2" falsecount="0"/>
      <line num="44" count="1" type="stmt"/>
      <line num="46" count="1" type="stmt"/>
      <line num="49" count="1" type="cond" truecount="1" falsecount="1"/>
      <line num="53" count="7" type="cond" truecount="1" falsecount="0"/>
      <line num="54" count="6" type="cond" truecount="1" falsecount="0"/>
      <line num="56" count="5" type="stmt"/>
      <line num="81" count="1" type="stmt"/>
    </file>
    <file name="EditProductModal.tsx" path="/home/maxii/dev/work/ait/ait-desafio-tecnico/frontend/src/components/EditProductModal.tsx">
      <metrics statements="28" coveredstatements="26" conditionals="17" coveredconditionals="15" methods="6" coveredmethods="6"/>
      <line num="1" count="1" type="stmt"/>
      <line num="2" count="1" type="stmt"/>
      <line num="20" count="1" type="stmt"/>
      <line num="21" count="19" type="stmt"/>
      <line num="22" count="19" type="stmt"/>
      <line num="30" count="19" type="stmt"/>
      <line num="31" count="7" type="cond" truecount="1" falsecount="0"/>
      <line num="32" count="7" type="stmt"/>
      <line num="39" count="7" type="stmt"/>
      <line num="40" count="7" type="stmt"/>
      <line num="41" count="7" type="stmt"/>
      <line num="42" count="7" type="stmt"/>
      <line num="43" count="7" type="stmt"/>
      <line num="47" count="19" type="stmt"/>
      <line num="48" count="2" type="stmt"/>
      <line num="49" count="2" type="stmt"/>
      <line num="56" count="2" type="cond" truecount="1" falsecount="1"/>
      <line num="57" count="2" type="stmt"/>
      <line num="59" count="0" type="stmt"/>
      <line num="62" count="0" type="stmt"/>
      <line num="66" count="19" type="stmt"/>
      <line num="67" count="3" type="stmt"/>
      <line num="68" count="3" type="stmt"/>
      <line num="69" count="3" type="stmt"/>
      <line num="72" count="19" type="cond" truecount="1" falsecount="0"/>
      <line num="73" count="17" type="cond" truecount="0" falsecount="1"/>
      <line num="75" count="17" type="stmt"/>
      <line num="138" count="1" type="stmt"/>
    </file>
    <file name="Login.tsx" path="/home/maxii/dev/work/ait/ait-desafio-tecnico/frontend/src/components/Login.tsx">
      <metrics statements="5" coveredstatements="5" conditionals="4" coveredconditionals="4" methods="1" coveredmethods="1"/>
      <line num="1" count="1" type="stmt"/>
      <line num="2" count="1" type="stmt"/>
      <line num="4" count="1" type="stmt"/>
      <line num="5" count="4" type="stmt"/>
      <line num="7" count="4" type="stmt"/>
    </file>
    <file name="ProductsTable.tsx" path="/home/maxii/dev/work/ait/ait-desafio-tecnico/frontend/src/components/ProductsTable.tsx">
      <metrics statements="15" coveredstatements="13" conditionals="4" coveredconditionals="2" methods="9" coveredmethods="7"/>
      <line num="1" count="1" type="stmt"/>
      <line num="9" count="1" type="stmt"/>
      <line num="10" count="1" type="stmt"/>
      <line num="19" count="10" type="stmt"/>
      <line num="24" count="10" type="stmt"/>
      <line num="40" count="10" type="stmt"/>
      <line num="45" count="10" type="stmt"/>
      <line num="47" count="30" type="stmt"/>
      <line num="65" count="67" type="stmt"/>
      <line num="67" count="201" type="stmt"/>
      <line num="87" count="0" type="stmt"/>
      <line num="95" count="0" type="stmt"/>
      <line num="109" count="1" type="stmt"/>
      <line num="117" count="1" type="stmt"/>
      <line num="128" count="1" type="stmt"/>
    </file>
  </project>
</coverage>
