{"/home/maxii/dev/work/ait-desafio-tecnico/frontend/src/components/AddProductBulkModal.tsx": {"path":"/home/maxii/dev/work/ait-desafio-tecnico/frontend/src/components/AddProductBulkModal.tsx","statementMap":{"0":{"start":{"line":1,"column":0},"end":{"line":1,"column":59}},"1":{"start":{"line":2,"column":0},"end":{"line":2,"column":51}},"2":{"start":{"line":4,"column":0},"end":{"line":4,"column":44}},"3":{"start":{"line":5,"column":0},"end":{"line":5,"column":29}},"4":{"start":{"line":14,"column":33},"end":{"line":14,"column":55}},"5":{"start":{"line":16,"column":50},"end":{"line":128,"column":1}},"6":{"start":{"line":17,"column":28},"end":{"line":17,"column":55}},"7":{"start":{"line":18,"column":28},"end":{"line":18,"column":52}},"8":{"start":{"line":20,"column":25},"end":{"line":20,"column":55}},"9":{"start":{"line":21,"column":20},"end":{"line":38,"column":6}},"10":{"start":{"line":40,"column":21},"end":{"line":61,"column":6}},"11":{"start":{"line":40,"column":71},"end":{"line":61,"column":6}},"12":{"start":{"line":41,"column":8},"end":{"line":41,"column":31}},"13":{"start":{"line":42,"column":8},"end":{"line":42,"column":26}},"14":{"start":{"line":42,"column":19},"end":{"line":42,"column":26}},"15":{"start":{"line":44,"column":25},"end":{"line":44,"column":39}},"16":{"start":{"line":45,"column":8},"end":{"line":45,"column":38}},"17":{"start":{"line":47,"column":8},"end":{"line":60,"column":9}},"18":{"start":{"line":48,"column":29},"end":{"line":51,"column":14}},"19":{"start":{"line":53,"column":12},"end":{"line":57,"column":13}},"20":{"start":{"line":54,"column":16},"end":{"line":54,"column":36}},"21":{"start":{"line":56,"column":16},"end":{"line":56,"column":53}},"22":{"start":{"line":59,"column":12},"end":{"line":59,"column":39}},"23":{"start":{"line":63,"column":29},"end":{"line":80,"column":5}},"24":{"start":{"line":64,"column":8},"end":{"line":64,"column":22}},"25":{"start":{"line":65,"column":29},"end":{"line":65,"column":52}},"26":{"start":{"line":66,"column":8},"end":{"line":79,"column":9}},"27":{"start":{"line":67,"column":29},"end":{"line":67,"column":46}},"28":{"start":{"line":68,"column":34},"end":{"line":68,"column":74}},"29":{"start":{"line":70,"column":12},"end":{"line":78,"column":13}},"30":{"start":{"line":71,"column":16},"end":{"line":71,"column":38}},"31":{"start":{"line":72,"column":16},"end":{"line":72,"column":42}},"32":{"start":{"line":74,"column":16},"end":{"line":74,"column":93}},"33":{"start":{"line":75,"column":16},"end":{"line":75,"column":40}},"34":{"start":{"line":76,"column":16},"end":{"line":76,"column":30}},"35":{"start":{"line":77,"column":16},"end":{"line":77,"column":28}},"36":{"start":{"line":82,"column":24},"end":{"line":100,"column":5}},"37":{"start":{"line":83,"column":23},"end":{"line":83,"column":39}},"38":{"start":{"line":85,"column":8},"end":{"line":97,"column":10}},"39":{"start":{"line":86,"column":25},"end":{"line":86,"column":41}},"40":{"start":{"line":87,"column":12},"end":{"line":87,"column":30}},"41":{"start":{"line":87,"column":23},"end":{"line":87,"column":30}},"42":{"start":{"line":88,"column":41},"end":{"line":88,"column":43}},"43":{"start":{"line":90,"column":29},"end":{"line":90,"column":94}},"44":{"start":{"line":91,"column":30},"end":{"line":91,"column":52}},"45":{"start":{"line":92,"column":30},"end":{"line":92,"column":56}},"46":{"start":{"line":94,"column":12},"end":{"line":94,"column":61}},"47":{"start":{"line":96,"column":12},"end":{"line":96,"column":32}},"48":{"start":{"line":99,"column":8},"end":{"line":99,"column":39}},"49":{"start":{"line":102,"column":4},"end":{"line":102,"column":27}},"50":{"start":{"line":102,"column":15},"end":{"line":102,"column":27}},"51":{"start":{"line":104,"column":4},"end":{"line":127,"column":6}},"52":{"start":{"line":130,"column":0},"end":{"line":130,"column":35}}},"fnMap":{"0":{"name":"(anonymous_14)","decl":{"start":{"line":16,"column":50},"end":{"line":16,"column":51}},"loc":{"start":{"line":16,"column":91},"end":{"line":128,"column":1}}},"1":{"name":"(anonymous_15)","decl":{"start":{"line":40,"column":21},"end":{"line":40,"column":28}},"loc":{"start":{"line":40,"column":71},"end":{"line":61,"column":6}}},"2":{"name":"(anonymous_16)","decl":{"start":{"line":40,"column":71},"end":{"line":40,"column":null}},"loc":{"start":{"line":40,"column":71},"end":{"line":61,"column":5}}},"3":{"name":"(anonymous_17)","decl":{"start":{"line":63,"column":29},"end":{"line":63,"column":30}},"loc":{"start":{"line":63,"column":76},"end":{"line":80,"column":5}}},"4":{"name":"(anonymous_18)","decl":{"start":{"line":82,"column":24},"end":{"line":82,"column":25}},"loc":{"start":{"line":82,"column":39},"end":{"line":100,"column":5}}},"5":{"name":"(anonymous_19)","decl":{"start":{"line":85,"column":24},"end":{"line":85,"column":25}},"loc":{"start":{"line":85,"column":30},"end":{"line":97,"column":9}}}},"branchMap":{"0":{"loc":{"start":{"line":42,"column":8},"end":{"line":42,"column":26}},"type":"if","locations":[{"start":{"line":42,"column":8},"end":{"line":42,"column":26}}]},"1":{"loc":{"start":{"line":53,"column":12},"end":{"line":57,"column":13}},"type":"if","locations":[{"start":{"line":53,"column":12},"end":{"line":57,"column":13}},{"start":{"line":55,"column":19},"end":{"line":57,"column":13}}]},"2":{"loc":{"start":{"line":65,"column":29},"end":{"line":65,"column":52}},"type":"cond-expr","locations":[{"start":{"line":65,"column":47},"end":{"line":65,"column":50}},{"start":{"line":65,"column":47},"end":{"line":65,"column":52}}]},"3":{"loc":{"start":{"line":65,"column":29},"end":{"line":65,"column":50}},"type":"binary-expr","locations":[{"start":{"line":65,"column":29},"end":{"line":65,"column":50}},{"start":{"line":65,"column":47},"end":{"line":65,"column":50}}]},"4":{"loc":{"start":{"line":66,"column":8},"end":{"line":79,"column":9}},"type":"if","locations":[{"start":{"line":66,"column":8},"end":{"line":79,"column":9}}]},"5":{"loc":{"start":{"line":68,"column":34},"end":{"line":68,"column":74}},"type":"cond-expr","locations":[{"start":{"line":68,"column":59},"end":{"line":68,"column":61}},{"start":{"line":68,"column":59},"end":{"line":68,"column":74}}]},"6":{"loc":{"start":{"line":68,"column":34},"end":{"line":68,"column":61}},"type":"binary-expr","locations":[{"start":{"line":68,"column":34},"end":{"line":68,"column":61}},{"start":{"line":68,"column":59},"end":{"line":68,"column":61}}]},"7":{"loc":{"start":{"line":70,"column":12},"end":{"line":78,"column":13}},"type":"if","locations":[{"start":{"line":70,"column":12},"end":{"line":78,"column":13}},{"start":{"line":73,"column":19},"end":{"line":78,"column":13}}]},"8":{"loc":{"start":{"line":70,"column":16},"end":{"line":70,"column":81}},"type":"binary-expr","locations":[{"start":{"line":70,"column":16},"end":{"line":70,"column":29}},{"start":{"line":70,"column":33},"end":{"line":70,"column":81}}]},"9":{"loc":{"start":{"line":86,"column":25},"end":{"line":86,"column":41}},"type":"cond-expr","locations":[{"start":{"line":86,"column":33},"end":{"line":86,"column":35}},{"start":{"line":86,"column":33},"end":{"line":86,"column":41}}]},"10":{"loc":{"start":{"line":86,"column":25},"end":{"line":86,"column":35}},"type":"binary-expr","locations":[{"start":{"line":86,"column":25},"end":{"line":86,"column":35}},{"start":{"line":86,"column":33},"end":{"line":86,"column":35}}]},"11":{"loc":{"start":{"line":87,"column":12},"end":{"line":87,"column":30}},"type":"if","locations":[{"start":{"line":87,"column":12},"end":{"line":87,"column":30}}]},"12":{"loc":{"start":{"line":102,"column":4},"end":{"line":102,"column":27}},"type":"if","locations":[{"start":{"line":102,"column":4},"end":{"line":102,"column":27}}]}},"s":{"0":1,"1":1,"2":1,"3":1,"4":1,"5":1,"6":13,"7":13,"8":13,"9":13,"10":13,"11":0,"12":0,"13":0,"14":0,"15":0,"16":0,"17":0,"18":0,"19":0,"20":0,"21":0,"22":0,"23":13,"24":4,"25":4,"26":4,"27":4,"28":4,"29":4,"30":3,"31":3,"32":1,"33":1,"34":1,"35":1,"36":13,"37":3,"38":3,"39":3,"40":3,"41":0,"42":3,"43":3,"44":3,"45":3,"46":3,"47":3,"48":3,"49":13,"50":1,"51":12,"52":1},"f":{"0":13,"1":0,"2":0,"3":4,"4":3,"5":3},"b":{"0":[0],"1":[0,0],"2":[0,4],"3":[4,4],"4":[4],"5":[0,4],"6":[4,4],"7":[3,1],"8":[4,4],"9":[0,3],"10":[3,3],"11":[0],"12":[1]}}
,"/home/maxii/dev/work/ait-desafio-tecnico/frontend/src/components/AddProductModal.tsx": {"path":"/home/maxii/dev/work/ait-desafio-tecnico/frontend/src/components/AddProductModal.tsx","statementMap":{"0":{"start":{"line":1,"column":0},"end":{"line":1,"column":51}},"1":{"start":{"line":2,"column":0},"end":{"line":2,"column":42}},"2":{"start":{"line":19,"column":46},"end":{"line":131,"column":1}},"3":{"start":{"line":20,"column":72},"end":{"line":20,"column":91}},"4":{"start":{"line":21,"column":40},"end":{"line":26,"column":6}},"5":{"start":{"line":28,"column":4},"end":{"line":41,"column":31}},"6":{"start":{"line":29,"column":8},"end":{"line":40,"column":9}},"7":{"start":{"line":30,"column":12},"end":{"line":35,"column":15}},"8":{"start":{"line":36,"column":12},"end":{"line":36,"column":44}},"9":{"start":{"line":37,"column":12},"end":{"line":37,"column":35}},"10":{"start":{"line":38,"column":12},"end":{"line":38,"column":40}},"11":{"start":{"line":39,"column":12},"end":{"line":39,"column":34}},"12":{"start":{"line":43,"column":21},"end":{"line":60,"column":6}},"13":{"start":{"line":43,"column":46},"end":{"line":60,"column":6}},"14":{"start":{"line":44,"column":8},"end":{"line":59,"column":9}},"15":{"start":{"line":45,"column":29},"end":{"line":51,"column":14}},"16":{"start":{"line":52,"column":12},"end":{"line":56,"column":13}},"17":{"start":{"line":53,"column":16},"end":{"line":53,"column":32}},"18":{"start":{"line":55,"column":16},"end":{"line":55,"column":53}},"19":{"start":{"line":58,"column":12},"end":{"line":58,"column":39}},"20":{"start":{"line":62,"column":30},"end":{"line":66,"column":5}},"21":{"start":{"line":63,"column":32},"end":{"line":63,"column":40}},"22":{"start":{"line":64,"column":8},"end":{"line":64,"column":60}},"23":{"start":{"line":64,"column":30},"end":{"line":64,"column":58}},"24":{"start":{"line":65,"column":8},"end":{"line":65,"column":48}},"25":{"start":{"line":68,"column":4},"end":{"line":68,"column":27}},"26":{"start":{"line":68,"column":15},"end":{"line":68,"column":27}},"27":{"start":{"line":70,"column":4},"end":{"line":130,"column":6}},"28":{"start":{"line":133,"column":0},"end":{"line":133,"column":31}}},"fnMap":{"0":{"name":"(anonymous_13)","decl":{"start":{"line":19,"column":46},"end":{"line":19,"column":47}},"loc":{"start":{"line":19,"column":99},"end":{"line":131,"column":1}}},"1":{"name":"(anonymous_14)","decl":{"start":{"line":28,"column":14},"end":{"line":28,"column":17}},"loc":{"start":{"line":28,"column":19},"end":{"line":41,"column":5}}},"2":{"name":"(anonymous_15)","decl":{"start":{"line":43,"column":21},"end":{"line":43,"column":28}},"loc":{"start":{"line":43,"column":46},"end":{"line":60,"column":6}}},"3":{"name":"(anonymous_16)","decl":{"start":{"line":43,"column":46},"end":{"line":43,"column":null}},"loc":{"start":{"line":43,"column":46},"end":{"line":60,"column":5}}},"4":{"name":"(anonymous_17)","decl":{"start":{"line":62,"column":30},"end":{"line":62,"column":31}},"loc":{"start":{"line":62,"column":95},"end":{"line":66,"column":5}}},"5":{"name":"(anonymous_18)","decl":{"start":{"line":64,"column":22},"end":{"line":64,"column":26}},"loc":{"start":{"line":64,"column":30},"end":{"line":64,"column":58}}}},"branchMap":{"0":{"loc":{"start":{"line":29,"column":8},"end":{"line":40,"column":9}},"type":"if","locations":[{"start":{"line":29,"column":8},"end":{"line":40,"column":9}}]},"1":{"loc":{"start":{"line":52,"column":12},"end":{"line":56,"column":13}},"type":"if","locations":[{"start":{"line":52,"column":12},"end":{"line":56,"column":13}},{"start":{"line":54,"column":19},"end":{"line":56,"column":13}}]},"2":{"loc":{"start":{"line":68,"column":4},"end":{"line":68,"column":27}},"type":"if","locations":[{"start":{"line":68,"column":4},"end":{"line":68,"column":27}}]},"3":{"loc":{"start":{"line":85,"column":77},"end":{"line":85,"column":129}},"type":"cond-expr","locations":[{"start":{"line":85,"column":93},"end":{"line":85,"column":109}},{"start":{"line":85,"column":112},"end":{"line":85,"column":129}}]},"4":{"loc":{"start":{"line":88,"column":25},"end":{"line":88,"column":110}},"type":"binary-expr","locations":[{"start":{"line":88,"column":25},"end":{"line":88,"column":38}},{"start":{"line":88,"column":42},"end":{"line":88,"column":110}}]},"5":{"loc":{"start":{"line":98,"column":77},"end":{"line":98,"column":134}},"type":"cond-expr","locations":[{"start":{"line":98,"column":98},"end":{"line":98,"column":114}},{"start":{"line":98,"column":117},"end":{"line":98,"column":134}}]},"6":{"loc":{"start":{"line":100,"column":25},"end":{"line":100,"column":120}},"type":"binary-expr","locations":[{"start":{"line":100,"column":25},"end":{"line":100,"column":43}},{"start":{"line":100,"column":47},"end":{"line":100,"column":120}}]},"7":{"loc":{"start":{"line":115,"column":77},"end":{"line":115,"column":129}},"type":"cond-expr","locations":[{"start":{"line":115,"column":93},"end":{"line":115,"column":109}},{"start":{"line":115,"column":112},"end":{"line":115,"column":129}}]},"8":{"loc":{"start":{"line":117,"column":25},"end":{"line":117,"column":110}},"type":"binary-expr","locations":[{"start":{"line":117,"column":25},"end":{"line":117,"column":38}},{"start":{"line":117,"column":42},"end":{"line":117,"column":110}}]}},"s":{"0":1,"1":1,"2":1,"3":84,"4":84,"5":84,"6":8,"7":8,"8":8,"9":8,"10":8,"11":8,"12":84,"13":3,"14":3,"15":3,"16":2,"17":1,"18":1,"19":1,"20":84,"21":63,"22":63,"23":63,"24":63,"25":84,"26":2,"27":82,"28":1},"f":{"0":84,"1":8,"2":3,"3":3,"4":63,"5":63},"b":{"0":[8],"1":[1,1],"2":[2],"3":[2,80],"4":[82,2],"5":[2,80],"6":[82,2],"7":[2,80],"8":[82,2]}}
,"/home/maxii/dev/work/ait-desafio-tecnico/frontend/src/components/DeleteProductModal.tsx": {"path":"/home/maxii/dev/work/ait-desafio-tecnico/frontend/src/components/DeleteProductModal.tsx","statementMap":{"0":{"start":{"line":1,"column":0},"end":{"line":1,"column":41}},"1":{"start":{"line":2,"column":0},"end":{"line":2,"column":42}},"2":{"start":{"line":21,"column":49},"end":{"line":79,"column":1}},"3":{"start":{"line":22,"column":39},"end":{"line":22,"column":58}},"4":{"start":{"line":24,"column":4},"end":{"line":32,"column":32}},"5":{"start":{"line":25,"column":8},"end":{"line":31,"column":9}},"6":{"start":{"line":26,"column":12},"end":{"line":26,"column":43}},"7":{"start":{"line":27,"column":12},"end":{"line":27,"column":53}},"8":{"start":{"line":28,"column":12},"end":{"line":28,"column":51}},"9":{"start":{"line":29,"column":12},"end":{"line":29,"column":61}},"10":{"start":{"line":30,"column":12},"end":{"line":30,"column":51}},"11":{"start":{"line":34,"column":21},"end":{"line":51,"column":6}},"12":{"start":{"line":34,"column":46},"end":{"line":51,"column":6}},"13":{"start":{"line":35,"column":8},"end":{"line":50,"column":9}},"14":{"start":{"line":36,"column":29},"end":{"line":42,"column":14}},"15":{"start":{"line":43,"column":12},"end":{"line":47,"column":13}},"16":{"start":{"line":44,"column":16},"end":{"line":44,"column":32}},"17":{"start":{"line":46,"column":16},"end":{"line":46,"column":53}},"18":{"start":{"line":49,"column":12},"end":{"line":49,"column":55}},"19":{"start":{"line":53,"column":4},"end":{"line":53,"column":27}},"20":{"start":{"line":53,"column":15},"end":{"line":53,"column":27}},"21":{"start":{"line":54,"column":4},"end":{"line":54,"column":34}},"22":{"start":{"line":54,"column":22},"end":{"line":54,"column":34}},"23":{"start":{"line":56,"column":4},"end":{"line":78,"column":6}},"24":{"start":{"line":81,"column":0},"end":{"line":81,"column":34}}},"fnMap":{"0":{"name":"(anonymous_13)","decl":{"start":{"line":21,"column":49},"end":{"line":21,"column":50}},"loc":{"start":{"line":21,"column":103},"end":{"line":79,"column":1}}},"1":{"name":"(anonymous_14)","decl":{"start":{"line":24,"column":14},"end":{"line":24,"column":17}},"loc":{"start":{"line":24,"column":19},"end":{"line":32,"column":5}}},"2":{"name":"(anonymous_15)","decl":{"start":{"line":34,"column":21},"end":{"line":34,"column":28}},"loc":{"start":{"line":34,"column":46},"end":{"line":51,"column":6}}},"3":{"name":"(anonymous_16)","decl":{"start":{"line":34,"column":46},"end":{"line":34,"column":null}},"loc":{"start":{"line":34,"column":46},"end":{"line":51,"column":5}}}},"branchMap":{"0":{"loc":{"start":{"line":25,"column":8},"end":{"line":31,"column":9}},"type":"if","locations":[{"start":{"line":25,"column":8},"end":{"line":31,"column":9}}]},"1":{"loc":{"start":{"line":43,"column":12},"end":{"line":47,"column":13}},"type":"if","locations":[{"start":{"line":43,"column":12},"end":{"line":47,"column":13}},{"start":{"line":45,"column":19},"end":{"line":47,"column":13}}]},"2":{"loc":{"start":{"line":49,"column":20},"end":{"line":49,"column":53}},"type":"binary-expr","locations":[{"start":{"line":49,"column":20},"end":{"line":49,"column":44}},{"start":{"line":49,"column":48},"end":{"line":49,"column":53}}]},"3":{"loc":{"start":{"line":53,"column":4},"end":{"line":53,"column":27}},"type":"if","locations":[{"start":{"line":53,"column":4},"end":{"line":53,"column":27}}]},"4":{"loc":{"start":{"line":54,"column":4},"end":{"line":54,"column":34}},"type":"if","locations":[{"start":{"line":54,"column":4},"end":{"line":54,"column":34}}]}},"s":{"0":1,"1":1,"2":1,"3":7,"4":7,"5":7,"6":6,"7":6,"8":6,"9":6,"10":6,"11":7,"12":3,"13":3,"14":3,"15":2,"16":1,"17":1,"18":1,"19":7,"20":1,"21":6,"22":1,"23":5,"24":1},"f":{"0":7,"1":7,"2":3,"3":3},"b":{"0":[6],"1":[1,1],"2":[1,0],"3":[1],"4":[1]}}
,"/home/maxii/dev/work/ait-desafio-tecnico/frontend/src/components/DownloadProductsList.tsx": {"path":"/home/maxii/dev/work/ait-desafio-tecnico/frontend/src/components/DownloadProductsList.tsx","statementMap":{"0":{"start":{"line":1,"column":0},"end":{"line":1,"column":26}},"1":{"start":{"line":3,"column":23},"end":{"line":32,"column":1}},"2":{"start":{"line":4,"column":27},"end":{"line":25,"column":6}},"3":{"start":{"line":4,"column":38},"end":{"line":25,"column":6}},"4":{"start":{"line":5,"column":8},"end":{"line":24,"column":9}},"5":{"start":{"line":6,"column":29},"end":{"line":8,"column":14}},"6":{"start":{"line":10,"column":12},"end":{"line":12,"column":13}},"7":{"start":{"line":11,"column":16},"end":{"line":11,"column":105}},"8":{"start":{"line":14,"column":25},"end":{"line":14,"column":46}},"9":{"start":{"line":15,"column":24},"end":{"line":15,"column":68}},"10":{"start":{"line":16,"column":25},"end":{"line":16,"column":52}},"11":{"start":{"line":17,"column":12},"end":{"line":17,"column":28}},"12":{"start":{"line":18,"column":12},"end":{"line":18,"column":71}},"13":{"start":{"line":19,"column":12},"end":{"line":19,"column":44}},"14":{"start":{"line":20,"column":12},"end":{"line":20,"column":25}},"15":{"start":{"line":21,"column":12},"end":{"line":21,"column":47}},"16":{"start":{"line":23,"column":12},"end":{"line":23,"column":77}},"17":{"start":{"line":27,"column":4},"end":{"line":31,"column":6}},"18":{"start":{"line":34,"column":0},"end":{"line":34,"column":30}}},"fnMap":{"0":{"name":"(anonymous_8)","decl":{"start":{"line":3,"column":23},"end":{"line":3,"column":26}},"loc":{"start":{"line":3,"column":28},"end":{"line":32,"column":1}}},"1":{"name":"(anonymous_9)","decl":{"start":{"line":4,"column":27},"end":{"line":4,"column":36}},"loc":{"start":{"line":4,"column":38},"end":{"line":25,"column":6}}},"2":{"name":"(anonymous_10)","decl":{"start":{"line":4,"column":38},"end":{"line":4,"column":null}},"loc":{"start":{"line":4,"column":38},"end":{"line":25,"column":5}}}},"branchMap":{"0":{"loc":{"start":{"line":10,"column":12},"end":{"line":12,"column":13}},"type":"if","locations":[{"start":{"line":10,"column":12},"end":{"line":12,"column":13}}]},"1":{"loc":{"start":{"line":10,"column":16},"end":{"line":10,"column":55}},"type":"binary-expr","locations":[{"start":{"line":10,"column":16},"end":{"line":10,"column":28}},{"start":{"line":10,"column":32},"end":{"line":10,"column":55}}]},"2":{"loc":{"start":{"line":21,"column":12},"end":{"line":21,"column":46}},"type":"cond-expr","locations":[{"start":{"line":21,"column":27},"end":{"line":21,"column":29}},{"start":{"line":21,"column":27},"end":{"line":21,"column":46}}]},"3":{"loc":{"start":{"line":21,"column":12},"end":{"line":21,"column":29}},"type":"binary-expr","locations":[{"start":{"line":21,"column":12},"end":{"line":21,"column":29}},{"start":{"line":21,"column":27},"end":{"line":21,"column":29}}]}},"s":{"0":1,"1":1,"2":3,"3":2,"4":2,"5":2,"6":1,"7":0,"8":1,"9":1,"10":1,"11":1,"12":1,"13":1,"14":1,"15":1,"16":1,"17":3,"18":1},"f":{"0":3,"1":2,"2":2},"b":{"0":[0],"1":[1,1],"2":[0,1],"3":[1,1]}}
,"/home/maxii/dev/work/ait-desafio-tecnico/frontend/src/components/EditProductModal.tsx": {"path":"/home/maxii/dev/work/ait-desafio-tecnico/frontend/src/components/EditProductModal.tsx","statementMap":{"0":{"start":{"line":1,"column":0},"end":{"line":1,"column":51}},"1":{"start":{"line":2,"column":0},"end":{"line":2,"column":42}},"2":{"start":{"line":20,"column":47},"end":{"line":136,"column":1}},"3":{"start":{"line":21,"column":72},"end":{"line":21,"column":91}},"4":{"start":{"line":22,"column":40},"end":{"line":28,"column":6}},"5":{"start":{"line":30,"column":4},"end":{"line":45,"column":32}},"6":{"start":{"line":31,"column":8},"end":{"line":44,"column":9}},"7":{"start":{"line":32,"column":12},"end":{"line":38,"column":15}},"8":{"start":{"line":39,"column":12},"end":{"line":39,"column":43}},"9":{"start":{"line":40,"column":12},"end":{"line":40,"column":53}},"10":{"start":{"line":41,"column":12},"end":{"line":41,"column":51}},"11":{"start":{"line":42,"column":12},"end":{"line":42,"column":61}},"12":{"start":{"line":43,"column":12},"end":{"line":43,"column":51}},"13":{"start":{"line":47,"column":21},"end":{"line":64,"column":6}},"14":{"start":{"line":47,"column":46},"end":{"line":64,"column":6}},"15":{"start":{"line":48,"column":8},"end":{"line":63,"column":9}},"16":{"start":{"line":49,"column":29},"end":{"line":55,"column":14}},"17":{"start":{"line":56,"column":12},"end":{"line":60,"column":13}},"18":{"start":{"line":57,"column":16},"end":{"line":57,"column":32}},"19":{"start":{"line":59,"column":16},"end":{"line":59,"column":59}},"20":{"start":{"line":62,"column":12},"end":{"line":62,"column":43}},"21":{"start":{"line":66,"column":30},"end":{"line":70,"column":5}},"22":{"start":{"line":67,"column":32},"end":{"line":67,"column":40}},"23":{"start":{"line":68,"column":8},"end":{"line":68,"column":60}},"24":{"start":{"line":68,"column":30},"end":{"line":68,"column":58}},"25":{"start":{"line":69,"column":8},"end":{"line":69,"column":48}},"26":{"start":{"line":72,"column":4},"end":{"line":72,"column":27}},"27":{"start":{"line":72,"column":15},"end":{"line":72,"column":27}},"28":{"start":{"line":73,"column":4},"end":{"line":73,"column":34}},"29":{"start":{"line":73,"column":22},"end":{"line":73,"column":34}},"30":{"start":{"line":75,"column":4},"end":{"line":135,"column":6}},"31":{"start":{"line":138,"column":0},"end":{"line":138,"column":32}}},"fnMap":{"0":{"name":"(anonymous_13)","decl":{"start":{"line":20,"column":47},"end":{"line":20,"column":48}},"loc":{"start":{"line":20,"column":92},"end":{"line":136,"column":1}}},"1":{"name":"(anonymous_14)","decl":{"start":{"line":30,"column":14},"end":{"line":30,"column":17}},"loc":{"start":{"line":30,"column":19},"end":{"line":45,"column":5}}},"2":{"name":"(anonymous_15)","decl":{"start":{"line":47,"column":21},"end":{"line":47,"column":28}},"loc":{"start":{"line":47,"column":46},"end":{"line":64,"column":6}}},"3":{"name":"(anonymous_16)","decl":{"start":{"line":47,"column":46},"end":{"line":47,"column":null}},"loc":{"start":{"line":47,"column":46},"end":{"line":64,"column":5}}},"4":{"name":"(anonymous_17)","decl":{"start":{"line":66,"column":30},"end":{"line":66,"column":31}},"loc":{"start":{"line":66,"column":95},"end":{"line":70,"column":5}}},"5":{"name":"(anonymous_18)","decl":{"start":{"line":68,"column":22},"end":{"line":68,"column":26}},"loc":{"start":{"line":68,"column":30},"end":{"line":68,"column":58}}}},"branchMap":{"0":{"loc":{"start":{"line":31,"column":8},"end":{"line":44,"column":9}},"type":"if","locations":[{"start":{"line":31,"column":8},"end":{"line":44,"column":9}}]},"1":{"loc":{"start":{"line":56,"column":12},"end":{"line":60,"column":13}},"type":"if","locations":[{"start":{"line":56,"column":12},"end":{"line":60,"column":13}},{"start":{"line":58,"column":19},"end":{"line":60,"column":13}}]},"2":{"loc":{"start":{"line":72,"column":4},"end":{"line":72,"column":27}},"type":"if","locations":[{"start":{"line":72,"column":4},"end":{"line":72,"column":27}}]},"3":{"loc":{"start":{"line":73,"column":4},"end":{"line":73,"column":34}},"type":"if","locations":[{"start":{"line":73,"column":4},"end":{"line":73,"column":34}}]},"4":{"loc":{"start":{"line":90,"column":77},"end":{"line":90,"column":129}},"type":"cond-expr","locations":[{"start":{"line":90,"column":93},"end":{"line":90,"column":109}},{"start":{"line":90,"column":112},"end":{"line":90,"column":129}}]},"5":{"loc":{"start":{"line":93,"column":25},"end":{"line":93,"column":110}},"type":"binary-expr","locations":[{"start":{"line":93,"column":25},"end":{"line":93,"column":38}},{"start":{"line":93,"column":42},"end":{"line":93,"column":110}}]},"6":{"loc":{"start":{"line":103,"column":77},"end":{"line":103,"column":134}},"type":"cond-expr","locations":[{"start":{"line":103,"column":98},"end":{"line":103,"column":114}},{"start":{"line":103,"column":117},"end":{"line":103,"column":134}}]},"7":{"loc":{"start":{"line":105,"column":25},"end":{"line":105,"column":120}},"type":"binary-expr","locations":[{"start":{"line":105,"column":25},"end":{"line":105,"column":43}},{"start":{"line":105,"column":47},"end":{"line":105,"column":120}}]},"8":{"loc":{"start":{"line":120,"column":77},"end":{"line":120,"column":129}},"type":"cond-expr","locations":[{"start":{"line":120,"column":93},"end":{"line":120,"column":109}},{"start":{"line":120,"column":112},"end":{"line":120,"column":129}}]},"9":{"loc":{"start":{"line":122,"column":25},"end":{"line":122,"column":110}},"type":"binary-expr","locations":[{"start":{"line":122,"column":25},"end":{"line":122,"column":38}},{"start":{"line":122,"column":42},"end":{"line":122,"column":110}}]}},"s":{"0":1,"1":1,"2":1,"3":19,"4":19,"5":19,"6":7,"7":7,"8":7,"9":7,"10":7,"11":7,"12":7,"13":19,"14":2,"15":2,"16":2,"17":2,"18":2,"19":0,"20":0,"21":19,"22":3,"23":3,"24":3,"25":3,"26":19,"27":2,"28":17,"29":0,"30":17,"31":1},"f":{"0":19,"1":7,"2":2,"3":2,"4":3,"5":3},"b":{"0":[7],"1":[2,0],"2":[2],"3":[0],"4":[1,16],"5":[17,1],"6":[1,16],"7":[17,1],"8":[1,16],"9":[17,1]}}
,"/home/maxii/dev/work/ait-desafio-tecnico/frontend/src/components/Login.tsx": {"path":"/home/maxii/dev/work/ait-desafio-tecnico/frontend/src/components/Login.tsx","statementMap":{"0":{"start":{"line":4,"column":0},"end":{"line":4,"column":16}},"1":{"start":{"line":1,"column":0},"end":{"line":1,"column":26}},"2":{"start":{"line":2,"column":0},"end":{"line":2,"column":57}},"3":{"start":{"line":5,"column":60},"end":{"line":5,"column":105}},"4":{"start":{"line":7,"column":2},"end":{"line":40,"column":null}}},"fnMap":{"0":{"name":"Login","decl":{"start":{"line":4,"column":16},"end":{"line":4,"column":21}},"loc":{"start":{"line":4,"column":99},"end":{"line":41,"column":1}}}},"branchMap":{"0":{"loc":{"start":{"line":22,"column":11},"end":{"line":22,"column":102}},"type":"binary-expr","locations":[{"start":{"line":22,"column":11},"end":{"line":22,"column":22}},{"start":{"line":22,"column":26},"end":{"line":22,"column":102}}]},"1":{"loc":{"start":{"line":35,"column":11},"end":{"line":35,"column":110}},"type":"binary-expr","locations":[{"start":{"line":35,"column":11},"end":{"line":35,"column":26}},{"start":{"line":35,"column":30},"end":{"line":35,"column":110}}]}},"s":{"0":1,"1":1,"2":1,"3":4,"4":4},"f":{"0":4},"b":{"0":[4,1],"1":[4,1]}}
,"/home/maxii/dev/work/ait-desafio-tecnico/frontend/src/components/ProductsTable.tsx": {"path":"/home/maxii/dev/work/ait-desafio-tecnico/frontend/src/components/ProductsTable.tsx","statementMap":{"0":{"start":{"line":1,"column":0},"end":{"line":1,"column":null}},"1":{"start":{"line":9,"column":0},"end":{"line":9,"column":26}},"2":{"start":{"line":10,"column":0},"end":{"line":10,"column":33}},"3":{"start":{"line":19,"column":38},"end":{"line":22,"column":4}},"4":{"start":{"line":24,"column":16},"end":{"line":38,"column":4}},"5":{"start":{"line":40,"column":2},"end":{"line":125,"column":4}},"6":{"start":{"line":45,"column":12},"end":{"line":59,"column":null}},"7":{"start":{"line":47,"column":16},"end":{"line":57,"column":null}},"8":{"start":{"line":65,"column":12},"end":{"line":73,"column":null}},"9":{"start":{"line":67,"column":16},"end":{"line":71,"column":null}},"10":{"start":{"line":87,"column":27},"end":{"line":87,"column":48}},"11":{"start":{"line":95,"column":27},"end":{"line":95,"column":47}},"12":{"start":{"line":109,"column":27},"end":{"line":109,"column":43}},"13":{"start":{"line":117,"column":27},"end":{"line":117,"column":71}},"14":{"start":{"line":128,"column":0},"end":{"line":128,"column":29}}},"fnMap":{"0":{"name":"ProductsTable","decl":{"start":{"line":17,"column":9},"end":{"line":17,"column":22}},"loc":{"start":{"line":17,"column":73},"end":{"line":126,"column":1}}},"1":{"name":"(anonymous_2)","decl":{"start":{"line":44,"column":39},"end":{"line":44,"column":40}},"loc":{"start":{"line":45,"column":12},"end":{"line":59,"column":null}}},"2":{"name":"(anonymous_3)","decl":{"start":{"line":46,"column":39},"end":{"line":46,"column":40}},"loc":{"start":{"line":47,"column":16},"end":{"line":57,"column":null}}},"3":{"name":"(anonymous_4)","decl":{"start":{"line":64,"column":40},"end":{"line":64,"column":41}},"loc":{"start":{"line":65,"column":12},"end":{"line":73,"column":null}}},"4":{"name":"(anonymous_5)","decl":{"start":{"line":66,"column":41},"end":{"line":66,"column":42}},"loc":{"start":{"line":67,"column":16},"end":{"line":71,"column":null}}},"5":{"name":"(anonymous_6)","decl":{"start":{"line":87,"column":21},"end":{"line":87,"column":24}},"loc":{"start":{"line":87,"column":27},"end":{"line":87,"column":48}}},"6":{"name":"(anonymous_7)","decl":{"start":{"line":95,"column":21},"end":{"line":95,"column":24}},"loc":{"start":{"line":95,"column":27},"end":{"line":95,"column":47}}},"7":{"name":"(anonymous_8)","decl":{"start":{"line":109,"column":21},"end":{"line":109,"column":24}},"loc":{"start":{"line":109,"column":27},"end":{"line":109,"column":43}}},"8":{"name":"(anonymous_9)","decl":{"start":{"line":117,"column":21},"end":{"line":117,"column":24}},"loc":{"start":{"line":117,"column":27},"end":{"line":117,"column":71}}}},"branchMap":{"0":{"loc":{"start":{"line":52,"column":19},"end":{"line":56,"column":null}},"type":"cond-expr","locations":[{"start":{"line":53,"column":22},"end":{"line":53,"column":26}},{"start":{"line":54,"column":22},"end":{"line":56,"column":null}}]},"1":{"loc":{"start":{"line":69,"column":70},"end":{"line":69,"column":128}},"type":"cond-expr","locations":[{"start":{"line":69,"column":105},"end":{"line":69,"column":123}},{"start":{"line":69,"column":126},"end":{"line":69,"column":128}}]}},"s":{"0":2,"1":2,"2":2,"3":26,"4":26,"5":26,"6":26,"7":94,"8":73,"9":225,"10":0,"11":0,"12":1,"13":1,"14":2},"f":{"0":26,"1":26,"2":94,"3":73,"4":225,"5":0,"6":0,"7":1,"8":1},"b":{"0":[0,94],"1":[6,219]}}
}
