{"/home/maxii/dev/work/ait/ait-desafio-tecnico/src/components/Login.tsx": {"path":"/home/maxii/dev/work/ait/ait-desafio-tecnico/src/components/Login.tsx","statementMap":{"0":{"start":{"line":4,"column":0},"end":{"line":4,"column":16}},"1":{"start":{"line":1,"column":0},"end":{"line":1,"column":26}},"2":{"start":{"line":2,"column":0},"end":{"line":2,"column":57}},"3":{"start":{"line":5,"column":60},"end":{"line":5,"column":105}},"4":{"start":{"line":7,"column":2},"end":{"line":40,"column":null}}},"fnMap":{"0":{"name":"Login","decl":{"start":{"line":4,"column":16},"end":{"line":4,"column":21}},"loc":{"start":{"line":4,"column":99},"end":{"line":41,"column":1}}}},"branchMap":{"0":{"loc":{"start":{"line":22,"column":11},"end":{"line":22,"column":102}},"type":"binary-expr","locations":[{"start":{"line":22,"column":11},"end":{"line":22,"column":22}},{"start":{"line":22,"column":26},"end":{"line":22,"column":102}}]},"1":{"loc":{"start":{"line":35,"column":11},"end":{"line":35,"column":110}},"type":"binary-expr","locations":[{"start":{"line":35,"column":11},"end":{"line":35,"column":26}},{"start":{"line":35,"column":30},"end":{"line":35,"column":110}}]}},"s":{"0":1,"1":1,"2":1,"3":4,"4":4},"f":{"0":4},"b":{"0":[4,1],"1":[4,1]}}
}
