TN:
SF:src/components/AddProductModal.tsx
FN:19,(anonymous_13)
FN:28,(anonymous_14)
FN:43,(anonymous_15)
FN:43,(anonymous_16)
FN:62,(anonymous_17)
FN:64,(anonymous_18)
FNF:6
FNH:6
FNDA:84,(anonymous_13)
FNDA:8,(anonymous_14)
FNDA:3,(anonymous_15)
FNDA:3,(anonymous_16)
FNDA:63,(anonymous_17)
FNDA:63,(anonymous_18)
DA:1,1
DA:2,1
DA:19,1
DA:20,84
DA:21,84
DA:28,84
DA:29,8
DA:30,8
DA:36,8
DA:37,8
DA:38,8
DA:39,8
DA:43,84
DA:44,3
DA:45,3
DA:52,2
DA:53,1
DA:55,1
DA:58,1
DA:62,84
DA:63,63
DA:64,63
DA:65,63
DA:68,84
DA:70,82
DA:133,1
LF:26
LH:26
BRDA:29,0,0,8
BRDA:52,1,0,1
BRDA:52,1,1,1
BRDA:68,2,0,2
BRDA:85,3,0,2
BRDA:85,3,1,80
BRDA:88,4,0,82
BRDA:88,4,1,2
BRDA:98,5,0,2
BRDA:98,5,1,80
BRDA:100,6,0,82
BRDA:100,6,1,2
BRDA:115,7,0,2
BRDA:115,7,1,80
BRDA:117,8,0,82
BRDA:117,8,1,2
BRF:16
BRH:16
end_of_record
TN:
SF:src/components/DeleteProductModal.tsx
FN:21,(anonymous_13)
FN:24,(anonymous_14)
FN:34,(anonymous_15)
FN:34,(anonymous_16)
FNF:4
FNH:4
FNDA:7,(anonymous_13)
FNDA:7,(anonymous_14)
FNDA:3,(anonymous_15)
FNDA:3,(anonymous_16)
DA:1,1
DA:2,1
DA:21,1
DA:22,7
DA:24,7
DA:25,7
DA:26,6
DA:27,6
DA:28,6
DA:29,6
DA:30,6
DA:34,7
DA:35,3
DA:36,3
DA:43,2
DA:44,1
DA:46,1
DA:49,1
DA:53,7
DA:54,6
DA:56,5
DA:81,1
LF:22
LH:22
BRDA:25,0,0,6
BRDA:43,1,0,1
BRDA:43,1,1,1
BRDA:49,2,0,1
BRDA:49,2,1,0
BRDA:53,3,0,1
BRDA:54,4,0,1
BRF:7
BRH:6
end_of_record
TN:
SF:src/components/EditProductModal.tsx
FN:20,(anonymous_13)
FN:30,(anonymous_14)
FN:47,(anonymous_15)
FN:47,(anonymous_16)
FN:66,(anonymous_17)
FN:68,(anonymous_18)
FNF:6
FNH:6
FNDA:19,(anonymous_13)
FNDA:7,(anonymous_14)
FNDA:2,(anonymous_15)
FNDA:2,(anonymous_16)
FNDA:3,(anonymous_17)
FNDA:3,(anonymous_18)
DA:1,1
DA:2,1
DA:20,1
DA:21,19
DA:22,19
DA:30,19
DA:31,7
DA:32,7
DA:39,7
DA:40,7
DA:41,7
DA:42,7
DA:43,7
DA:47,19
DA:48,2
DA:49,2
DA:56,2
DA:57,2
DA:59,0
DA:62,0
DA:66,19
DA:67,3
DA:68,3
DA:69,3
DA:72,19
DA:73,17
DA:75,17
DA:138,1
LF:28
LH:26
BRDA:31,0,0,7
BRDA:56,1,0,2
BRDA:56,1,1,0
BRDA:72,2,0,2
BRDA:73,3,0,0
BRDA:90,4,0,1
BRDA:90,4,1,16
BRDA:93,5,0,17
BRDA:93,5,1,1
BRDA:103,6,0,1
BRDA:103,6,1,16
BRDA:105,7,0,17
BRDA:105,7,1,1
BRDA:120,8,0,1
BRDA:120,8,1,16
BRDA:122,9,0,17
BRDA:122,9,1,1
BRF:17
BRH:15
end_of_record
TN:
SF:src/components/Login.tsx
FN:4,Login
FNF:1
FNH:1
FNDA:4,Login
DA:1,1
DA:2,1
DA:4,1
DA:5,4
DA:7,4
LF:5
LH:5
BRDA:22,0,0,4
BRDA:22,0,1,1
BRDA:35,1,0,4
BRDA:35,1,1,1
BRF:4
BRH:4
end_of_record
TN:
SF:src/components/ProductsTable.tsx
FN:17,ProductsTable
FN:44,(anonymous_2)
FN:46,(anonymous_3)
FN:64,(anonymous_4)
FN:66,(anonymous_5)
FN:87,(anonymous_6)
FN:95,(anonymous_7)
FN:109,(anonymous_8)
FN:117,(anonymous_9)
FNF:9
FNH:7
FNDA:10,ProductsTable
FNDA:10,(anonymous_2)
FNDA:30,(anonymous_3)
FNDA:67,(anonymous_4)
FNDA:201,(anonymous_5)
FNDA:0,(anonymous_6)
FNDA:0,(anonymous_7)
FNDA:1,(anonymous_8)
FNDA:1,(anonymous_9)
DA:1,1
DA:9,1
DA:10,1
DA:19,10
DA:24,10
DA:40,10
DA:45,10
DA:47,30
DA:65,67
DA:67,201
DA:87,0
DA:95,0
DA:109,1
DA:117,1
DA:128,1
LF:15
LH:13
BRDA:52,0,0,0
BRDA:52,0,1,30
BRDA:69,1,0,0
BRDA:69,1,1,201
BRF:4
BRH:2
end_of_record
