TN:
SF:src/components/AddProductBulkModal.tsx
FN:16,(anonymous_14)
FN:40,(anonymous_15)
FN:40,(anonymous_16)
FN:63,(anonymous_17)
FN:82,(anonymous_18)
FN:85,(anonymous_19)
FNF:6
FNH:4
FNDA:13,(anonymous_14)
FNDA:0,(anonymous_15)
FNDA:0,(anonymous_16)
FNDA:4,(anonymous_17)
FNDA:3,(anonymous_18)
FNDA:3,(anonymous_19)
DA:1,1
DA:2,1
DA:4,1
DA:5,1
DA:14,1
DA:16,1
DA:17,13
DA:18,13
DA:20,13
DA:21,13
DA:40,13
DA:41,0
DA:42,0
DA:44,0
DA:45,0
DA:47,0
DA:48,0
DA:53,0
DA:54,0
DA:56,0
DA:59,0
DA:63,13
DA:64,4
DA:65,4
DA:66,4
DA:67,4
DA:68,4
DA:70,4
DA:71,3
DA:72,3
DA:74,1
DA:75,1
DA:76,1
DA:77,1
DA:82,13
DA:83,3
DA:85,3
DA:86,3
DA:87,3
DA:88,3
DA:90,3
DA:91,3
DA:92,3
DA:94,3
DA:96,3
DA:99,3
DA:102,13
DA:104,12
DA:130,1
LF:49
LH:39
BRDA:42,0,0,0
BRDA:53,1,0,0
BRDA:53,1,1,0
BRDA:65,2,0,0
BRDA:65,2,1,4
BRDA:65,3,0,4
BRDA:65,3,1,4
BRDA:66,4,0,4
BRDA:68,5,0,0
BRDA:68,5,1,4
BRDA:68,6,0,4
BRDA:68,6,1,4
BRDA:70,7,0,3
BRDA:70,7,1,1
BRDA:70,8,0,4
BRDA:70,8,1,4
BRDA:86,9,0,0
BRDA:86,9,1,3
BRDA:86,10,0,3
BRDA:86,10,1,3
BRDA:87,11,0,0
BRDA:102,12,0,1
BRF:22
BRH:15
end_of_record
TN:
SF:src/components/AddProductModal.tsx
FN:19,(anonymous_13)
FN:28,(anonymous_14)
FN:43,(anonymous_15)
FN:43,(anonymous_16)
FN:62,(anonymous_17)
FN:64,(anonymous_18)
FNF:6
FNH:6
FNDA:84,(anonymous_13)
FNDA:8,(anonymous_14)
FNDA:3,(anonymous_15)
FNDA:3,(anonymous_16)
FNDA:63,(anonymous_17)
FNDA:63,(anonymous_18)
DA:1,1
DA:2,1
DA:19,1
DA:20,84
DA:21,84
DA:28,84
DA:29,8
DA:30,8
DA:36,8
DA:37,8
DA:38,8
DA:39,8
DA:43,84
DA:44,3
DA:45,3
DA:52,2
DA:53,1
DA:55,1
DA:58,1
DA:62,84
DA:63,63
DA:64,63
DA:65,63
DA:68,84
DA:70,82
DA:133,1
LF:26
LH:26
BRDA:29,0,0,8
BRDA:52,1,0,1
BRDA:52,1,1,1
BRDA:68,2,0,2
BRDA:85,3,0,2
BRDA:85,3,1,80
BRDA:88,4,0,82
BRDA:88,4,1,2
BRDA:98,5,0,2
BRDA:98,5,1,80
BRDA:100,6,0,82
BRDA:100,6,1,2
BRDA:115,7,0,2
BRDA:115,7,1,80
BRDA:117,8,0,82
BRDA:117,8,1,2
BRF:16
BRH:16
end_of_record
TN:
SF:src/components/DeleteProductModal.tsx
FN:21,(anonymous_13)
FN:24,(anonymous_14)
FN:34,(anonymous_15)
FN:34,(anonymous_16)
FNF:4
FNH:4
FNDA:7,(anonymous_13)
FNDA:7,(anonymous_14)
FNDA:3,(anonymous_15)
FNDA:3,(anonymous_16)
DA:1,1
DA:2,1
DA:21,1
DA:22,7
DA:24,7
DA:25,7
DA:26,6
DA:27,6
DA:28,6
DA:29,6
DA:30,6
DA:34,7
DA:35,3
DA:36,3
DA:43,2
DA:44,1
DA:46,1
DA:49,1
DA:53,7
DA:54,6
DA:56,5
DA:81,1
LF:22
LH:22
BRDA:25,0,0,6
BRDA:43,1,0,1
BRDA:43,1,1,1
BRDA:49,2,0,1
BRDA:49,2,1,0
BRDA:53,3,0,1
BRDA:54,4,0,1
BRF:7
BRH:6
end_of_record
TN:
SF:src/components/DownloadProductsList.tsx
FN:3,(anonymous_8)
FN:4,(anonymous_9)
FN:4,(anonymous_10)
FNF:3
FNH:3
FNDA:3,(anonymous_8)
FNDA:2,(anonymous_9)
FNDA:2,(anonymous_10)
DA:1,1
DA:3,1
DA:4,3
DA:5,2
DA:6,2
DA:10,1
DA:11,0
DA:14,1
DA:15,1
DA:16,1
DA:17,1
DA:18,1
DA:19,1
DA:20,1
DA:21,1
DA:23,1
DA:27,3
DA:34,1
LF:18
LH:17
BRDA:10,0,0,0
BRDA:10,1,0,1
BRDA:10,1,1,1
BRDA:21,2,0,0
BRDA:21,2,1,1
BRDA:21,3,0,1
BRDA:21,3,1,1
BRF:7
BRH:5
end_of_record
TN:
SF:src/components/EditProductModal.tsx
FN:20,(anonymous_13)
FN:30,(anonymous_14)
FN:47,(anonymous_15)
FN:47,(anonymous_16)
FN:66,(anonymous_17)
FN:68,(anonymous_18)
FNF:6
FNH:6
FNDA:19,(anonymous_13)
FNDA:7,(anonymous_14)
FNDA:2,(anonymous_15)
FNDA:2,(anonymous_16)
FNDA:3,(anonymous_17)
FNDA:3,(anonymous_18)
DA:1,1
DA:2,1
DA:20,1
DA:21,19
DA:22,19
DA:30,19
DA:31,7
DA:32,7
DA:39,7
DA:40,7
DA:41,7
DA:42,7
DA:43,7
DA:47,19
DA:48,2
DA:49,2
DA:56,2
DA:57,2
DA:59,0
DA:62,0
DA:66,19
DA:67,3
DA:68,3
DA:69,3
DA:72,19
DA:73,17
DA:75,17
DA:138,1
LF:28
LH:26
BRDA:31,0,0,7
BRDA:56,1,0,2
BRDA:56,1,1,0
BRDA:72,2,0,2
BRDA:73,3,0,0
BRDA:90,4,0,1
BRDA:90,4,1,16
BRDA:93,5,0,17
BRDA:93,5,1,1
BRDA:103,6,0,1
BRDA:103,6,1,16
BRDA:105,7,0,17
BRDA:105,7,1,1
BRDA:120,8,0,1
BRDA:120,8,1,16
BRDA:122,9,0,17
BRDA:122,9,1,1
BRF:17
BRH:15
end_of_record
TN:
SF:src/components/Login.tsx
FN:4,Login
FNF:1
FNH:1
FNDA:4,Login
DA:1,1
DA:2,1
DA:4,1
DA:5,4
DA:7,4
LF:5
LH:5
BRDA:22,0,0,4
BRDA:22,0,1,1
BRDA:35,1,0,4
BRDA:35,1,1,1
BRF:4
BRH:4
end_of_record
TN:
SF:src/components/ProductsTable.tsx
FN:17,ProductsTable
FN:44,(anonymous_2)
FN:46,(anonymous_3)
FN:64,(anonymous_4)
FN:66,(anonymous_5)
FN:87,(anonymous_6)
FN:95,(anonymous_7)
FN:109,(anonymous_8)
FN:117,(anonymous_9)
FNF:9
FNH:7
FNDA:26,ProductsTable
FNDA:26,(anonymous_2)
FNDA:94,(anonymous_3)
FNDA:73,(anonymous_4)
FNDA:225,(anonymous_5)
FNDA:0,(anonymous_6)
FNDA:0,(anonymous_7)
FNDA:1,(anonymous_8)
FNDA:1,(anonymous_9)
DA:1,2
DA:9,2
DA:10,2
DA:19,26
DA:24,26
DA:40,26
DA:45,26
DA:47,94
DA:65,73
DA:67,225
DA:87,0
DA:95,0
DA:109,1
DA:117,1
DA:128,2
LF:15
LH:13
BRDA:52,0,0,0
BRDA:52,0,1,94
BRDA:69,1,0,6
BRDA:69,1,1,219
BRF:4
BRH:3
end_of_record
