<?xml version="1.0" encoding="UTF-8"?>
<coverage generated="1728926316989" clover="3.2.0">
  <project timestamp="1728926316989" name="All files">
    <metrics statements="5" coveredstatements="5" conditionals="4" coveredconditionals="4" methods="1" coveredmethods="1" elements="10" coveredelements="10" complexity="0" loc="5" ncloc="5" packages="1" files="1" classes="1"/>
    <file name="Login.tsx" path="/home/maxii/dev/work/ait/ait-desafio-tecnico/src/components/Login.tsx">
      <metrics statements="5" coveredstatements="5" conditionals="4" coveredconditionals="4" methods="1" coveredmethods="1"/>
      <line num="1" count="1" type="stmt"/>
      <line num="2" count="1" type="stmt"/>
      <line num="4" count="1" type="stmt"/>
      <line num="5" count="4" type="stmt"/>
      <line num="7" count="4" type="stmt"/>
    </file>
  </project>
</coverage>
